0 0 0 0 0 0 0 0 0 0
1 1 1 1 1 1 1 1 1 1
2 2 2 2 2 2 2 2 2 2
3 2 2 2 2 2 2 2 2 2
4 3 3 3 3 3 3 3 3 3
5 3 3 3 3 3 3 3 3 3
6 3 3 3 3 3 3 3 3 3
7 4 3 3 3 3 3 3 3 3
8 4 4 4 4 4 4 4 4 4
9 4 4 4 4 4 4 4 4 4
10 4 4 4 4 4 4 4 4 4
11 5 4 4 4 4 4 4 4 4
12 5 4 4 4 4 4 4 4 4
13 5 4 4 4 4 4 4 4 4
14 5 4 4 4 4 4 4 4 4
15 5 5 4 4 4 4 4 4 4
16 6 5 5 5 5 5 5 5 5
17 6 5 5 5 5 5 5 5 5
18 6 5 5 5 5 5 5 5 5
19 6 5 5 5 5 5 5 5 5
20 6 5 5 5 5 5 5 5 5
21 6 5 5 5 5 5 5 5 5
22 7 5 5 5 5 5 5 5 5
23 7 5 5 5 5 5 5 5 5
24 7 5 5 5 5 5 5 5 5
25 7 5 5 5 5 5 5 5 5
26 7 6 5 5 5 5 5 5 5
27 7 6 5 5 5 5 5 5 5
28 7 6 5 5 5 5 5 5 5
29 8 6 5 5 5 5 5 5 5
30 8 6 5 5 5 5 5 5 5
31 8 6 6 5 5 5 5 5 5
32 8 6 6 6 6 6 6 6 6
33 8 6 6 6 6 6 6 6 6
34 8 6 6 6 6 6 6 6 6
35 8 6 6 6 6 6 6 6 6
36 8 6 6 6 6 6 6 6 6
37 9 6 6 6 6 6 6 6 6
38 9 6 6 6 6 6 6 6 6
39 9 6 6 6 6 6 6 6 6
40 9 6 6 6 6 6 6 6 6
41 9 6 6 6 6 6 6 6 6
42 9 7 6 6 6 6 6 6 6